<?xml version="1.0" encoding="UTF-8"?>
<robot generator="Robot 7.0 (Python 3.12.3 on linux)" generated="2025-08-05T03:31:08.832246" rpa="false" schemaversion="5">
<suite id="s1" name="Demo" source="/home/runner/work/LoginTest/LoginTest/demo.robot">
<test id="s1-t1" name="Demo vs code ide hello world" line="6">
<kw name="Set Variable" owner="BuiltIn">
<msg time="2025-08-05T03:31:08.856201" level="INFO">${name} = QA Hive</msg>
<var>${name}</var>
<arg>QA Hive</arg>
<doc>Returns the given values which can then be assigned to a variables.</doc>
<status status="PASS" start="2025-08-05T03:31:08.856062" elapsed="0.000165"/>
</kw>
<kw name="Log" owner="BuiltIn">
<msg time="2025-08-05T03:31:08.856582" level="INFO">Hello world QA Hive</msg>
<arg>Hello world ${name}</arg>
<doc>Logs the given message with the given level.</doc>
<status status="PASS" start="2025-08-05T03:31:08.856403" elapsed="0.000213"/>
</kw>
<status status="PASS" start="2025-08-05T03:31:08.855578" elapsed="0.001162"/>
</test>
<status status="PASS" start="2025-08-05T03:31:08.832939" elapsed="0.024144"/>
</suite>
<statistics>
<total>
<stat pass="1" fail="0" skip="0">All Tests</stat>
</total>
<tag>
</tag>
<suite>
<stat pass="1" fail="0" skip="0" id="s1" name="Demo">Demo</stat>
</suite>
</statistics>
<errors>
</errors>
</robot>
