<?xml version="1.0" encoding="UTF-8"?>
<robot generator="Robot 7.0 (Python 3.12.3 on linux)" generated="2025-08-05T03:34:57.461376" rpa="false" schemaversion="5">
<suite id="s1" name="Demo" source="/home/runner/work/LoginTest/LoginTest/demo.robot">
<test id="s1-t1" name="Demo vs code ide hello world" line="7">
<kw name="Set Variable" owner="BuiltIn">
<var>${name}</var>
<arg>QA Hive</arg>
<doc>Returns the given values which can then be assigned to a variables.</doc>
<status status="NOT RUN" start="2025-08-05T03:34:57.567769" elapsed="0.000076"/>
</kw>
<kw name="Log" owner="BuiltIn">
<arg>Hello world ${name}</arg>
<doc>Logs the given message with the given level.</doc>
<status status="NOT RUN" start="2025-08-05T03:34:57.567979" elapsed="0.000072"/>
</kw>
<kw name="Log" owner="BuiltIn">
<arg>Test completed successfully</arg>
<doc>Logs the given message with the given level.</doc>
<status status="NOT RUN" start="2025-08-05T03:34:57.568141" elapsed="0.000046"/>
</kw>
<kw name="Should Be Equal" owner="BuiltIn">
<arg>${name}</arg>
<arg>QA Hive</arg>
<arg>Name variable should be set correctly</arg>
<doc>Fails if the given objects are unequal.</doc>
<status status="NOT RUN" start="2025-08-05T03:34:57.568273" elapsed="0.000101"/>
</kw>
<doc>A simple hello world test to verify basic Robot Framework functionality</doc>
<status status="PASS" start="2025-08-05T03:34:57.566965" elapsed="0.001503"/>
</test>
<test id="s1-t2" name="Test Hello Keyword" line="14">
<kw name="Say Hello" owner="Keywords">
<kw name="Log" owner="BuiltIn">
<arg>Hello ${name}!</arg>
<doc>Logs the given message with the given level.</doc>
<status status="NOT RUN" start="2025-08-05T03:34:57.569168" elapsed="0.000053"/>
</kw>
<return>
<value>Hello ${name}!</value>
<status status="PASS" start="2025-08-05T03:34:57.569271" elapsed="0.000045"/>
</return>
<var>${greeting}</var>
<doc>A simple keyword to log a hello message</doc>
<status status="PASS" start="2025-08-05T03:34:57.568974" elapsed="0.000392"/>
</kw>
<kw name="Should Be Equal" owner="BuiltIn">
<arg>${greeting}</arg>
<arg>Hello World!</arg>
<doc>Fails if the given objects are unequal.</doc>
<status status="NOT RUN" start="2025-08-05T03:34:57.569452" elapsed="0.000060"/>
</kw>
<kw name="Say Hello" owner="Keywords">
<kw name="Log" owner="BuiltIn">
<arg>Hello ${name}!</arg>
<doc>Logs the given message with the given level.</doc>
<status status="NOT RUN" start="2025-08-05T03:34:57.569787" elapsed="0.000050"/>
</kw>
<return>
<value>Hello ${name}!</value>
<status status="PASS" start="2025-08-05T03:34:57.569877" elapsed="0.000021"/>
</return>
<var>${custom_greeting}</var>
<arg>Robot Framework</arg>
<doc>A simple keyword to log a hello message</doc>
<status status="PASS" start="2025-08-05T03:34:57.569632" elapsed="0.000303"/>
</kw>
<kw name="Should Be Equal" owner="BuiltIn">
<arg>${custom_greeting}</arg>
<arg>Hello Robot Framework!</arg>
<doc>Fails if the given objects are unequal.</doc>
<status status="NOT RUN" start="2025-08-05T03:34:57.570013" elapsed="0.000053"/>
</kw>
<doc>Test the reusable Say Hello keyword</doc>
<status status="PASS" start="2025-08-05T03:34:57.568654" elapsed="0.001489"/>
</test>
<status status="PASS" start="2025-08-05T03:34:57.462067" elapsed="0.108405"/>
</suite>
<statistics>
<total>
<stat pass="2" fail="0" skip="0">All Tests</stat>
</total>
<tag>
</tag>
<suite>
<stat pass="2" fail="0" skip="0" id="s1" name="Demo">Demo</stat>
</suite>
</statistics>
<errors>
</errors>
</robot>
